2020-10-26 04:23:18,361|azureml|DEBUG|Execute Job Release Inputs:: kwargs: {'disable_output_upload': True}, track_folders: None, deny_list: None, directories_to_watch: []
2020-10-26 04:23:18,362|azureml.history._tracking.PythonWorkingDirectory|DEBUG|Execution target type: batchai
2020-10-26 04:23:18,362|azureml.history._tracking.PythonWorkingDirectory|DEBUG|Failed to import pyspark with error: No module named 'pyspark'
2020-10-26 04:23:18,362|azureml.history._tracking.PythonWorkingDirectory.workingdir|DEBUG|Pinning working directory for filesystems: ['pyfs']
2020-10-26 04:23:18,509|azureml.core.authentication.TokenRefresherDaemon|DEBUG|Starting daemon and triggering first instance
2020-10-26 04:23:18,519|azureml._restclient.clientbase|INFO|Created a worker pool for first use
2020-10-26 04:23:18,519|azureml.core.authentication|DEBUG|Time to expire 1814342.480497 seconds
2020-10-26 04:23:18,519|azureml._restclient.service_context|DEBUG|Created a static thread pool for ServiceContext class
2020-10-26 04:23:18,519|azureml._base_sdk_common.service_discovery|DEBUG|Found history service url in environment variable AZUREML_SERVICE_ENDPOINT, history service url: https://southcentralus.experiments.azureml.net.
2020-10-26 04:23:18,520|azureml._base_sdk_common.service_discovery|DEBUG|Found history service url in environment variable AZUREML_SERVICE_ENDPOINT, history service url: https://southcentralus.experiments.azureml.net.
2020-10-26 04:23:18,520|azureml._base_sdk_common.service_discovery|DEBUG|Found history service url in environment variable AZUREML_SERVICE_ENDPOINT, history service url: https://southcentralus.experiments.azureml.net.
2020-10-26 04:23:18,520|azureml._base_sdk_common.service_discovery|DEBUG|Found history service url in environment variable AZUREML_SERVICE_ENDPOINT, history service url: https://southcentralus.experiments.azureml.net.
2020-10-26 04:23:18,520|azureml._base_sdk_common.service_discovery|DEBUG|Found history service url in environment variable AZUREML_SERVICE_ENDPOINT, history service url: https://southcentralus.experiments.azureml.net.
2020-10-26 04:23:18,520|azureml._base_sdk_common.service_discovery|DEBUG|Found history service url in environment variable AZUREML_SERVICE_ENDPOINT, history service url: https://southcentralus.experiments.azureml.net.
2020-10-26 04:23:18,521|azureml._base_sdk_common.service_discovery|DEBUG|Found history service url in environment variable AZUREML_SERVICE_ENDPOINT, history service url: https://southcentralus.experiments.azureml.net.
2020-10-26 04:23:18,562|azureml._SubmittedRun#HD_1676fa36-e0d4-4e42-9b34-49722a723188_6.RunHistoryFacade.RunClient.get-async:False|DEBUG|[START]
2020-10-26 04:23:18,562|azureml._SubmittedRun#HD_1676fa36-e0d4-4e42-9b34-49722a723188_6.RunHistoryFacade.RunClient|DEBUG|ClientBase: Calling get with url /history/v1.0/subscriptions/{subscriptionId}/resourceGroups/{resourceGroupName}/providers/Microsoft.MachineLearningServices/workspaces/{workspaceName}/experiments/{experimentName}/runs/{runId}
2020-10-26 04:23:18,679|azureml._SubmittedRun#HD_1676fa36-e0d4-4e42-9b34-49722a723188_6.RunHistoryFacade.RunClient.get-async:False|DEBUG|[STOP]
2020-10-26 04:23:18,680|azureml._SubmittedRun#HD_1676fa36-e0d4-4e42-9b34-49722a723188_6|DEBUG|Constructing run from dto. type: azureml.scriptrun, source: None, props: {'_azureml.ComputeTargetType': 'amlcompute', 'ContentSnapshotId': 'e59040a0-018e-49c2-9594-78a06febc34f', 'ProcessInfoFile': 'azureml-logs/process_info.json', 'ProcessStatusFile': 'azureml-logs/process_status.json'}
2020-10-26 04:23:18,680|azureml._SubmittedRun#HD_1676fa36-e0d4-4e42-9b34-49722a723188_6.RunContextManager|DEBUG|Valid logs dir, setting up content loader
2020-10-26 04:23:18,681|azureml._restclient.service_context|DEBUG|Access an existing static threadpool for ServiceContext class
2020-10-26 04:23:18,681|azureml._base_sdk_common.service_discovery|DEBUG|Found history service url in environment variable AZUREML_SERVICE_ENDPOINT, history service url: https://southcentralus.experiments.azureml.net.
2020-10-26 04:23:18,681|azureml._base_sdk_common.service_discovery|DEBUG|Found history service url in environment variable AZUREML_SERVICE_ENDPOINT, history service url: https://southcentralus.experiments.azureml.net.
2020-10-26 04:23:18,681|azureml._base_sdk_common.service_discovery|DEBUG|Found history service url in environment variable AZUREML_SERVICE_ENDPOINT, history service url: https://southcentralus.experiments.azureml.net.
2020-10-26 04:23:18,681|azureml._base_sdk_common.service_discovery|DEBUG|Found history service url in environment variable AZUREML_SERVICE_ENDPOINT, history service url: https://southcentralus.experiments.azureml.net.
2020-10-26 04:23:18,682|azureml._base_sdk_common.service_discovery|DEBUG|Found history service url in environment variable AZUREML_SERVICE_ENDPOINT, history service url: https://southcentralus.experiments.azureml.net.
2020-10-26 04:23:18,682|azureml._base_sdk_common.service_discovery|DEBUG|Found history service url in environment variable AZUREML_SERVICE_ENDPOINT, history service url: https://southcentralus.experiments.azureml.net.
2020-10-26 04:23:18,682|azureml._base_sdk_common.service_discovery|DEBUG|Found history service url in environment variable AZUREML_SERVICE_ENDPOINT, history service url: https://southcentralus.experiments.azureml.net.
2020-10-26 04:23:18,718|azureml._SubmittedRun#HD_1676fa36-e0d4-4e42-9b34-49722a723188_6.RunHistoryFacade.RunClient.get-async:False|DEBUG|[START]
2020-10-26 04:23:18,718|azureml._SubmittedRun#HD_1676fa36-e0d4-4e42-9b34-49722a723188_6.RunHistoryFacade.RunClient|DEBUG|ClientBase: Calling get with url /history/v1.0/subscriptions/{subscriptionId}/resourceGroups/{resourceGroupName}/providers/Microsoft.MachineLearningServices/workspaces/{workspaceName}/experiments/{experimentName}/runs/{runId}
2020-10-26 04:23:19,116|azureml._SubmittedRun#HD_1676fa36-e0d4-4e42-9b34-49722a723188_6.RunHistoryFacade.RunClient.get-async:False|DEBUG|[STOP]
2020-10-26 04:23:19,117|azureml._SubmittedRun#HD_1676fa36-e0d4-4e42-9b34-49722a723188_6|DEBUG|Constructing run from dto. type: azureml.scriptrun, source: None, props: {'_azureml.ComputeTargetType': 'amlcompute', 'ContentSnapshotId': 'e59040a0-018e-49c2-9594-78a06febc34f', 'ProcessInfoFile': 'azureml-logs/process_info.json', 'ProcessStatusFile': 'azureml-logs/process_status.json'}
2020-10-26 04:23:19,117|azureml._SubmittedRun#HD_1676fa36-e0d4-4e42-9b34-49722a723188_6.RunContextManager|DEBUG|Valid logs dir, setting up content loader
2020-10-26 04:23:19,118|azureml.WorkerPool|DEBUG|[START]
2020-10-26 04:23:19,118|azureml.TrackFolders|DEBUG|[START]
2020-10-26 04:23:19,118|azureml|DEBUG|Executing history release.
2020-10-26 04:23:19,118|azureml.history._tracking.PythonWorkingDirectory.workingdir|DEBUG|Uploading tracked directories: [], excluding ['azureml-logs/driver_log']
2020-10-26 04:23:19,118|azureml.history._tracking.PythonWorkingDirectory.workingdir|DEBUG|Calling track for pyfs
2020-10-26 04:23:19,119|azureml.TrackFolders|DEBUG|[STOP]
2020-10-26 04:23:19,119|azureml.HistoryTrackingWorkerPool.WorkerPoolShutdown|DEBUG|[START]
2020-10-26 04:23:19,119|azureml.HistoryTrackingWorkerPool.WorkerPoolShutdown|DEBUG|[STOP]
2020-10-26 04:23:19,119|azureml.WorkerPool|DEBUG|[STOP]
