2020-10-26 09:01:34.474 - INFO - 5437 - azureml.train.automl._azureautomlclient.modify_run_configuration:199 - Package azureml-train-automl missing from dependencies file.
2020-10-26 09:01:34.474 - INFO - 5437 - azureml.train.automl._azureautomlclient.modify_run_configuration:205 - Using pinned version: azureml-train-automl==1.16.0.*
2020-10-26 09:01:34.475 - INFO - 5437 - azureml.train.automl._azureautomlclient.modify_run_configuration:199 - Package pandas missing from dependencies file.
2020-10-26 09:01:34.475 - INFO - 5437 - azureml.train.automl._azureautomlclient.modify_run_configuration:205 - Using pinned version: pandas==0.25.1
2020-10-26 09:01:34.475 - INFO - 5437 - azureml.train.automl._azureautomlclient.modify_run_configuration:199 - Package psutil missing from dependencies file.
2020-10-26 09:01:34.476 - INFO - 5437 - azureml.train.automl._azureautomlclient.modify_run_configuration:205 - Using pinned version: psutil>5.0.0,<6.0.0
2020-10-26 09:01:34.476 - INFO - 5437 - azureml.train.automl._azureautomlclient.modify_run_configuration:199 - Package scikit-learn missing from dependencies file.
2020-10-26 09:01:34.476 - INFO - 5437 - azureml.train.automl._azureautomlclient.modify_run_configuration:205 - Using pinned version: scikit-learn==0.22.1
2020-10-26 09:01:34.476 - INFO - 5437 - azureml.train.automl._azureautomlclient.modify_run_configuration:199 - Package numpy missing from dependencies file.
2020-10-26 09:01:34.477 - INFO - 5437 - azureml.train.automl._azureautomlclient.modify_run_configuration:205 - Using pinned version: numpy~=1.18.0
2020-10-26 09:01:34.477 - INFO - 5437 - azureml.train.automl._azureautomlclient.modify_run_configuration:199 - Package py-xgboost missing from dependencies file.
2020-10-26 09:01:34.485 - INFO - 5437 - azureml.train.automl._azureautomlclient.modify_run_configuration:205 - Using pinned version: py-xgboost<=0.90
2020-10-26 09:01:34.485 - INFO - 5437 - azureml.train.automl._azureautomlclient.modify_run_configuration:199 - Package inference-schema missing from dependencies file.
2020-10-26 09:01:34.486 - INFO - 5437 - azureml.train.automl._azureautomlclient.modify_run_configuration:199 - Package fbprophet missing from dependencies file.
2020-10-26 09:01:34.486 - INFO - 5437 - azureml.train.automl._azureautomlclient.modify_run_configuration:205 - Using pinned version: fbprophet==0.5
2020-10-26 09:01:34.487 - INFO - 5437 - azureml.train.automl._azureautomlclient.modify_run_configuration:199 - Package setuptools-git missing from dependencies file.
2020-10-26 09:01:34.487 - INFO - 5437 - azureml.train.automl._azureautomlclient.modify_run_configuration:209 - Using installed version: setuptools-git==1.2
2020-10-26 09:01:34.493 - INFO - 5437 - azureml.train.automl._azureautomlclient._validate_input:624 - Start data validation.
2020-10-26 09:01:36.371 - INFO - 5437 - azureml.train.automl._azureautomlclient._validate_input:635 - Validation service found the data has no errors.
2020-10-26 09:01:36.371 - INFO - 5437 - azureml.train.automl._azureautomlclient._create_parent_run_for_remote:509 - Start creating parent run.
2020-10-26 09:01:37.013 - INFO - 5437 - azureml.train.automl._azureautomlclient._create_parent_run_for_remote:529 - [ParentRunID:AutoML_99f58b4b-1ee8-48ca-a29f-4f93a2b292a1] Remote run using input X and y.
2020-10-26 09:01:37.095 - INFO - 5437 - azureml.train.automl._azureautomlclient._create_parent_run_for_remote:542 - Parent Run ID: AutoML_99f58b4b-1ee8-48ca-a29f-4f93a2b292a1
2020-10-26 09:01:37.096 - INFO - 5437 - azureml.train.automl._azureautomlclient._fit_remote_core:471 - Starting a snapshot run (snapshot_id : None)
